{"level":"info","message":"[2025-02-18T20:06:06.543Z] GET /api/movies","timestamp":"2025-02-18T20:06:06.544Z"}
{"level":"info","message":"[2025-02-18T20:09:28.576Z] GET /api/movies","timestamp":"2025-02-18T20:09:28.576Z"}
{"level":"info","message":"[2025-02-18T20:09:28.630Z] GET /api/movies","timestamp":"2025-02-18T20:09:28.630Z"}
{"level":"info","message":"[2025-02-18T20:09:30.632Z] GET /api/producers","timestamp":"2025-02-18T20:09:30.632Z"}
{"level":"info","message":"[2025-02-18T20:09:30.635Z] GET /api/actors","timestamp":"2025-02-18T20:09:30.635Z"}
{"level":"info","message":"[2025-02-18T20:09:30.665Z] GET /api/producers","timestamp":"2025-02-18T20:09:30.665Z"}
{"level":"info","message":"[2025-02-18T20:09:30.667Z] GET /api/actors","timestamp":"2025-02-18T20:09:30.667Z"}
{"level":"info","message":"[2025-02-18T20:09:46.882Z] POST /api/movies/add-movie","timestamp":"2025-02-18T20:09:46.882Z"}
{"level":"info","message":"[2025-02-18T20:09:46.941Z] GET /api/movies","timestamp":"2025-02-18T20:09:46.941Z"}
{"level":"info","message":"[2025-02-18T20:09:47.001Z] GET /api/movies","timestamp":"2025-02-18T20:09:47.001Z"}
{"level":"info","message":"[2025-02-18T20:09:59.799Z] GET /api/movies","timestamp":"2025-02-18T20:09:59.799Z"}
{"level":"info","message":"[2025-02-18T20:09:59.855Z] GET /api/movies","timestamp":"2025-02-18T20:09:59.855Z"}
{"level":"info","message":"[2025-02-18T20:10:03.601Z] GET /api/producers","timestamp":"2025-02-18T20:10:03.601Z"}
{"level":"info","message":"[2025-02-18T20:10:03.603Z] GET /api/actors","timestamp":"2025-02-18T20:10:03.604Z"}
{"level":"info","message":"[2025-02-18T20:10:03.633Z] GET /api/producers","timestamp":"2025-02-18T20:10:03.633Z"}
{"level":"info","message":"[2025-02-18T20:10:03.634Z] GET /api/actors","timestamp":"2025-02-18T20:10:03.634Z"}
{"level":"info","message":"[2025-02-18T20:10:09.653Z] GET /api/producers","timestamp":"2025-02-18T20:10:09.653Z"}
{"level":"info","message":"[2025-02-18T20:10:09.655Z] GET /api/actors","timestamp":"2025-02-18T20:10:09.655Z"}
{"level":"info","message":"[2025-02-18T20:10:09.683Z] GET /api/producers","timestamp":"2025-02-18T20:10:09.683Z"}
{"level":"info","message":"[2025-02-18T20:10:09.684Z] GET /api/actors","timestamp":"2025-02-18T20:10:09.684Z"}
{"level":"info","message":"[2025-02-18T20:10:11.205Z] GET /api/movies","timestamp":"2025-02-18T20:10:11.206Z"}
{"level":"info","message":"[2025-02-18T20:10:11.263Z] GET /api/movies","timestamp":"2025-02-18T20:10:11.263Z"}
{"level":"info","message":"[2025-02-18T20:10:13.321Z] GET /api/movies","timestamp":"2025-02-18T20:10:13.321Z"}
{"level":"info","message":"[2025-02-18T20:10:13.384Z] GET /api/movies","timestamp":"2025-02-18T20:10:13.384Z"}
{"level":"info","message":"Connecting to MongoDB... (5 attempts remaining)","timestamp":"2025-02-19T11:18:41.558Z"}
{"level":"error","message":"❌ MongoDB connection error: URI must include hostname, domain name, and tld","stack":"MongoAPIError: URI must include hostname, domain name, and tld\n    at resolveSRVRecord (/Users/jayachandran/test/imdb-clone-backend/node_modules/mongodb/lib/connection_string.js:37:15)\n    at MongoClient._connect (/Users/jayachandran/test/imdb-clone-backend/node_modules/mongodb/lib/mongo_client.js:178:74)\n    at MongoClient.connect (/Users/jayachandran/test/imdb-clone-backend/node_modules/mongodb/lib/mongo_client.js:142:40)\n    at NativeConnection.createClient (/Users/jayachandran/test/imdb-clone-backend/node_modules/mongoose/lib/drivers/node-mongodb-native/connection.js:301:16)\n    at NativeConnection.openUri (/Users/jayachandran/test/imdb-clone-backend/node_modules/mongoose/lib/connection.js:801:34)\n    at Mongoose.connect (/Users/jayachandran/test/imdb-clone-backend/node_modules/mongoose/lib/mongoose.js:414:15)\n    at connectDB (/Users/jayachandran/test/imdb-clone-backend/index.js:198:22)\n    at startServer (/Users/jayachandran/test/imdb-clone-backend/index.js:227:31)\n    at Object.<anonymous> (/Users/jayachandran/test/imdb-clone-backend/index.js:280:1)\n    at Module._compile (node:internal/modules/cjs/loader:1740:14)","timestamp":"2025-02-19T11:18:41.566Z"}
{"level":"info","message":"Connecting to MongoDB... (4 attempts remaining)","timestamp":"2025-02-19T11:18:46.567Z"}
{"level":"error","message":"❌ MongoDB connection error: URI must include hostname, domain name, and tld","stack":"MongoAPIError: URI must include hostname, domain name, and tld\n    at resolveSRVRecord (/Users/jayachandran/test/imdb-clone-backend/node_modules/mongodb/lib/connection_string.js:37:15)\n    at MongoClient._connect (/Users/jayachandran/test/imdb-clone-backend/node_modules/mongodb/lib/mongo_client.js:178:74)\n    at MongoClient.connect (/Users/jayachandran/test/imdb-clone-backend/node_modules/mongodb/lib/mongo_client.js:142:40)\n    at NativeConnection.createClient (/Users/jayachandran/test/imdb-clone-backend/node_modules/mongoose/lib/drivers/node-mongodb-native/connection.js:301:16)\n    at NativeConnection.openUri (/Users/jayachandran/test/imdb-clone-backend/node_modules/mongoose/lib/connection.js:801:34)\n    at Mongoose.connect (/Users/jayachandran/test/imdb-clone-backend/node_modules/mongoose/lib/mongoose.js:414:15)\n    at connectDB (/Users/jayachandran/test/imdb-clone-backend/index.js:198:22)\n    at async startServer (/Users/jayachandran/test/imdb-clone-backend/index.js:227:25)","timestamp":"2025-02-19T11:18:46.569Z"}
{"level":"info","message":"Connecting to MongoDB... (3 attempts remaining)","timestamp":"2025-02-19T11:18:51.571Z"}
{"level":"error","message":"❌ MongoDB connection error: URI must include hostname, domain name, and tld","stack":"MongoAPIError: URI must include hostname, domain name, and tld\n    at resolveSRVRecord (/Users/jayachandran/test/imdb-clone-backend/node_modules/mongodb/lib/connection_string.js:37:15)\n    at MongoClient._connect (/Users/jayachandran/test/imdb-clone-backend/node_modules/mongodb/lib/mongo_client.js:178:74)\n    at MongoClient.connect (/Users/jayachandran/test/imdb-clone-backend/node_modules/mongodb/lib/mongo_client.js:142:40)\n    at NativeConnection.createClient (/Users/jayachandran/test/imdb-clone-backend/node_modules/mongoose/lib/drivers/node-mongodb-native/connection.js:301:16)\n    at NativeConnection.openUri (/Users/jayachandran/test/imdb-clone-backend/node_modules/mongoose/lib/connection.js:801:34)\n    at Mongoose.connect (/Users/jayachandran/test/imdb-clone-backend/node_modules/mongoose/lib/mongoose.js:414:15)\n    at connectDB (/Users/jayachandran/test/imdb-clone-backend/index.js:198:22)\n    at async startServer (/Users/jayachandran/test/imdb-clone-backend/index.js:227:25)","timestamp":"2025-02-19T11:18:51.572Z"}
{"level":"info","message":"Connecting to MongoDB... (2 attempts remaining)","timestamp":"2025-02-19T11:18:56.574Z"}
{"level":"error","message":"❌ MongoDB connection error: URI must include hostname, domain name, and tld","stack":"MongoAPIError: URI must include hostname, domain name, and tld\n    at resolveSRVRecord (/Users/jayachandran/test/imdb-clone-backend/node_modules/mongodb/lib/connection_string.js:37:15)\n    at MongoClient._connect (/Users/jayachandran/test/imdb-clone-backend/node_modules/mongodb/lib/mongo_client.js:178:74)\n    at MongoClient.connect (/Users/jayachandran/test/imdb-clone-backend/node_modules/mongodb/lib/mongo_client.js:142:40)\n    at NativeConnection.createClient (/Users/jayachandran/test/imdb-clone-backend/node_modules/mongoose/lib/drivers/node-mongodb-native/connection.js:301:16)\n    at NativeConnection.openUri (/Users/jayachandran/test/imdb-clone-backend/node_modules/mongoose/lib/connection.js:801:34)\n    at Mongoose.connect (/Users/jayachandran/test/imdb-clone-backend/node_modules/mongoose/lib/mongoose.js:414:15)\n    at connectDB (/Users/jayachandran/test/imdb-clone-backend/index.js:198:22)\n    at async startServer (/Users/jayachandran/test/imdb-clone-backend/index.js:227:25)","timestamp":"2025-02-19T11:18:56.576Z"}
{"level":"info","message":"Connecting to MongoDB... (1 attempts remaining)","timestamp":"2025-02-19T11:19:01.577Z"}
{"level":"info","message":"Connecting to MongoDB... (5 attempts remaining)","timestamp":"2025-02-19T11:19:31.142Z"}
{"level":"info","message":"✅ MongoDB connected successfully","timestamp":"2025-02-19T11:19:31.600Z"}
{"level":"info","message":"\n🚀 Server is running on port 5000\n📦 Version: development\n🔧 Environment: development\n🌐 CORS Origins: http://localhost:3000\n🏥 Liveness: http://localhost:5000/api/health/live\n🔍 Readiness: http://localhost:5000/api/health/ready\n      ","timestamp":"2025-02-19T11:19:31.606Z"}
{"level":"info","message":"[2025-02-19T11:19:36.001Z] GET /api/producers","timestamp":"2025-02-19T11:19:36.001Z"}
{"level":"info","message":"[2025-02-19T11:19:36.009Z] GET /api/actors","timestamp":"2025-02-19T11:19:36.009Z"}
{"level":"info","message":"[2025-02-19T11:19:36.064Z] GET /api/producers","timestamp":"2025-02-19T11:19:36.064Z"}
{"level":"info","message":"[2025-02-19T11:19:36.065Z] GET /api/actors","timestamp":"2025-02-19T11:19:36.065Z"}
{"level":"info","message":"[2025-02-19T11:20:31.968Z] POST /api/movies/add-movie","timestamp":"2025-02-19T11:20:31.968Z"}
{"level":"info","message":"[2025-02-19T11:20:32.029Z] GET /api/movies","timestamp":"2025-02-19T11:20:32.029Z"}
{"level":"info","message":"[2025-02-19T11:20:32.116Z] GET /api/movies","timestamp":"2025-02-19T11:20:32.116Z"}
{"level":"info","message":"[2025-02-19T11:20:44.031Z] GET /api/movies","timestamp":"2025-02-19T11:20:44.031Z"}
{"level":"info","message":"[2025-02-19T11:20:44.110Z] GET /api/movies","timestamp":"2025-02-19T11:20:44.110Z"}
{"level":"info","message":"[2025-02-19T11:22:21.093Z] GET /api/movies","timestamp":"2025-02-19T11:22:21.093Z"}
{"level":"info","message":"[2025-02-19T11:22:21.175Z] GET /api/movies","timestamp":"2025-02-19T11:22:21.175Z"}
{"level":"info","message":"[2025-02-19T11:25:14.343Z] GET /api/movies","timestamp":"2025-02-19T11:25:14.343Z"}
{"level":"info","message":"[2025-02-19T12:32:58.585Z] DELETE /api/movies/delete-movie/67b5be7fc2a8008d8d6b5853","timestamp":"2025-02-19T12:32:58.586Z"}
{"level":"info","message":"[2025-02-19T12:32:59.189Z] GET /api/movies","timestamp":"2025-02-19T12:32:59.189Z"}
{"level":"info","message":"[2025-02-19T12:33:00.647Z] DELETE /api/movies/delete-movie/67b4e90a4527152402c92f6b","timestamp":"2025-02-19T12:33:00.647Z"}
{"level":"info","message":"[2025-02-19T12:33:00.743Z] GET /api/movies","timestamp":"2025-02-19T12:33:00.743Z"}
{"level":"info","message":"[2025-02-19T12:33:01.961Z] DELETE /api/movies/delete-movie/67b4e7774527152402c92f56","timestamp":"2025-02-19T12:33:01.961Z"}
{"level":"info","message":"[2025-02-19T12:33:02.010Z] GET /api/movies","timestamp":"2025-02-19T12:33:02.010Z"}
